2024-11-07 13:24:09.732 [info] > git checkout -q -b test-5 --no-track [34ms]
2024-11-07 13:24:09.755 [info] > git config --get commit.template [22ms]
2024-11-07 13:24:09.759 [info] > git for-each-ref --format=%(refname)%00%(upstream:short)%00%(objectname)%00%(upstream:track)%00%(upstream:remotename)%00%(upstream:remoteref) --ignore-case refs/heads/test-5 refs/remotes/test-5 [25ms]
2024-11-07 13:24:09.780 [info] > git status -z -uall [20ms]
2024-11-07 13:24:09.782 [info] > git for-each-ref --sort -committerdate --format %(refname) %(objectname) %(*objectname) [21ms]
2024-11-07 13:24:09.803 [info] > git for-each-ref --format=%(refname)%00%(upstream:short)%00%(objectname)%00%(upstream:track)%00%(upstream:remotename)%00%(upstream:remoteref) --ignore-case refs/heads/test-5 refs/remotes/test-5 [19ms]
2024-11-07 13:24:09.813 [info] > git -c user.useConfigOnly=true commit --quiet --allow-empty-message --file - [28ms]
2024-11-07 13:24:09.821 [info] > git config --local branch.test-5.vscode-merge-base [17ms]
2024-11-07 13:24:09.821 [warning] [Git][config] git config failed: Failed to execute git
2024-11-07 13:24:09.842 [info] > git config --get commit.template [29ms]
2024-11-07 13:24:09.855 [info] > git reflog test-5 --grep-reflog=branch: Created from *. [33ms]
2024-11-07 13:24:09.862 [info] > git config --get commit.template [19ms]
2024-11-07 13:24:09.865 [info] > git for-each-ref --format=%(refname)%00%(upstream:short)%00%(objectname)%00%(upstream:track)%00%(upstream:remotename)%00%(upstream:remoteref) --ignore-case refs/heads/test-5 refs/remotes/test-5 [21ms]
2024-11-07 13:24:09.876 [info] > git reflog HEAD --grep-reflog=checkout: moving from .* to test-5 [20ms]
2024-11-07 13:24:09.886 [info] > git status -z -uall [21ms]
2024-11-07 13:24:09.888 [info] > git for-each-ref --sort -committerdate --format %(refname) %(objectname) %(*objectname) [22ms]
2024-11-07 13:24:09.898 [info] > git for-each-ref --format=%(refname)%00%(upstream:short)%00%(objectname)%00%(upstream:track)%00%(upstream:remotename)%00%(upstream:remoteref) --ignore-case refs/heads/staging refs/remotes/staging [21ms]
2024-11-07 13:24:09.912 [info] > git for-each-ref --format=%(refname)%00%(upstream:short)%00%(objectname)%00%(upstream:track)%00%(upstream:remotename)%00%(upstream:remoteref) --ignore-case refs/heads/test-5 refs/remotes/test-5 [23ms]
2024-11-07 13:24:09.915 [info] > git config --get commit.template [18ms]
2024-11-07 13:24:09.920 [info] > git for-each-ref --format=%(refname)%00%(upstream:short)%00%(objectname)%00%(upstream:track)%00%(upstream:remotename)%00%(upstream:remoteref) --ignore-case refs/heads/test-5 refs/remotes/test-5 [23ms]
2024-11-07 13:24:09.922 [info] > git for-each-ref --format=%(refname)%00%(upstream:short)%00%(objectname)%00%(upstream:track)%00%(upstream:remotename)%00%(upstream:remoteref) --ignore-case refs/remotes/origin/staging [23ms]
2024-11-07 13:24:09.930 [info] > git config --local branch.test-5.vscode-merge-base [18ms]
2024-11-07 13:24:09.930 [warning] [Git][config] git config failed: Failed to execute git
2024-11-07 13:24:09.940 [info] > git status -z -uall [20ms]
2024-11-07 13:24:09.941 [info] > git for-each-ref --sort -committerdate --format %(refname) %(objectname) %(*objectname) [20ms]
2024-11-07 13:24:09.943 [info] > git config --local branch.test-5.vscode-merge-base origin/staging [21ms]
2024-11-07 13:24:09.947 [info] > git reflog test-5 --grep-reflog=branch: Created from *. [16ms]
2024-11-07 13:24:09.959 [info] > git for-each-ref --format=%(refname)%00%(upstream:short)%00%(objectname)%00%(upstream:track)%00%(upstream:remotename)%00%(upstream:remoteref) --ignore-case refs/heads/test-5 refs/remotes/test-5 [17ms]
2024-11-07 13:24:09.961 [info] > git config --get commit.template [18ms]
2024-11-07 13:24:09.964 [info] > git for-each-ref --format=%(refname)%00%(upstream:short)%00%(objectname)%00%(upstream:track)%00%(upstream:remotename)%00%(upstream:remoteref) --ignore-case refs/heads/test-5 refs/remotes/test-5 [19ms]
2024-11-07 13:24:09.967 [info] > git reflog HEAD --grep-reflog=checkout: moving from .* to test-5 [19ms]
2024-11-07 13:24:09.976 [info] > git config --local branch.test-5.vscode-merge-base [16ms]
2024-11-07 13:24:09.982 [info] > git status -z -uall [18ms]
2024-11-07 13:24:09.985 [info] > git for-each-ref --sort -committerdate --format %(refname) %(objectname) %(*objectname) [20ms]
2024-11-07 13:24:09.987 [info] > git for-each-ref --format=%(refname)%00%(upstream:short)%00%(objectname)%00%(upstream:track)%00%(upstream:remotename)%00%(upstream:remoteref) --ignore-case refs/heads/staging refs/remotes/staging [19ms]
2024-11-07 13:24:09.994 [info] > git for-each-ref --format=%(refname)%00%(upstream:short)%00%(objectname)%00%(upstream:track)%00%(upstream:remotename)%00%(upstream:remoteref) --ignore-case refs/heads/origin/staging refs/remotes/origin/staging [17ms]
2024-11-07 13:24:10.005 [info] > git for-each-ref --format=%(refname)%00%(upstream:short)%00%(objectname)%00%(upstream:track)%00%(upstream:remotename)%00%(upstream:remoteref) --ignore-case refs/heads/test-5 refs/remotes/test-5 [19ms]
2024-11-07 13:24:10.006 [info] > git for-each-ref --format=%(refname)%00%(upstream:short)%00%(objectname)%00%(upstream:track)%00%(upstream:remotename)%00%(upstream:remoteref) --ignore-case refs/remotes/origin/staging [18ms]
2024-11-07 13:24:10.009 [info] > git log --format=%H%n%aN%n%aE%n%at%n%ct%n%P%n%D%n%B -z --shortstat --diff-merges=first-parent -n50 --skip=0 --topo-order --decorate=full --stdin [20ms]
2024-11-07 13:24:10.026 [info] > git config --local branch.test-5.vscode-merge-base [20ms]
2024-11-07 13:24:10.028 [info] > git config --local branch.test-5.vscode-merge-base origin/staging [21ms]
2024-11-07 13:24:10.054 [info] > git config --get commit.template [25ms]
2024-11-07 13:24:10.056 [info] > git for-each-ref --format=%(refname)%00%(upstream:short)%00%(objectname)%00%(upstream:track)%00%(upstream:remotename)%00%(upstream:remoteref) --ignore-case refs/heads/origin/staging refs/remotes/origin/staging [28ms]
2024-11-07 13:24:10.056 [info] > git for-each-ref --format=%(refname)%00%(upstream:short)%00%(objectname)%00%(upstream:track)%00%(upstream:remotename)%00%(upstream:remoteref) --ignore-case refs/heads/test-5 refs/remotes/test-5 [25ms]
2024-11-07 13:24:10.076 [info] > git status -z -uall [19ms]
2024-11-07 13:24:10.077 [info] > git for-each-ref --sort -committerdate --format %(refname) %(objectname) %(*objectname) [20ms]
2024-11-07 13:24:11.214 [info] > git config --get commit.template [32ms]
2024-11-07 13:24:11.217 [info] > git for-each-ref --format=%(refname)%00%(upstream:short)%00%(objectname)%00%(upstream:track)%00%(upstream:remotename)%00%(upstream:remoteref) --ignore-case refs/heads/test-5 refs/remotes/test-5 [30ms]
2024-11-07 13:24:11.241 [info] > git status -z -uall [23ms]
2024-11-07 13:24:11.246 [info] > git for-each-ref --sort -committerdate --format %(refname) %(objectname) %(*objectname) [27ms]
2024-11-07 13:24:11.299 [info] > git ls-files --stage -- /Users/ehsan.soure/dev/stackadapt/git-backmerge/README.md [21ms]
2024-11-07 13:24:11.320 [info] > git cat-file -s 6c329383fba8cd7d096c7c7dfa36b24b823daff7 [20ms]
2024-11-07 13:24:11.343 [info] > git show --textconv :README.md [19ms]